<?xml version="1.0" encoding="UTF-8"?>
<!-- Generated by org.testng.reporters.JUnitXMLReporter -->
<testsuite ignored="0" hostname="MAVCHN1121738" failures="0" tests="4" name="Test" time="18.421" errors="0" timestamp="2025-07-19T23:28:17 IST">
  <testcase classname="Listeners.testMethods" name="test" time="0.09"/>
  <testcase classname="Listeners.testMethods" name="test2" time="0.049"/>
  <testcase classname="Listeners.testMethods2" name="anotherTest" time="0.064"/>
  <testcase classname="Listeners.testMethods2" name="anotherTest2" time="0.051"/>
</testsuite> <!-- Test -->
