<?xml version="1.0" encoding="UTF-8"?>
<!-- Generated by org.testng.reporters.JUnitXMLReporter -->
<testsuite ignored="0" hostname="MAVCHN1121738" failures="0" tests="4" name="Test" time="0.065" errors="0" timestamp="2025-07-10T00:57:42 IST">
  <testcase classname="multiClassSuites.classForTest1" name="testMehod2" time="0.006"/>
  <testcase classname="multiClassSuites.classForTest1" name="testMethod1" time="0.001"/>
  <testcase classname="multiClassSuites.classForTest2" name="testMethod1" time="0.001"/>
  <testcase classname="multiClassSuites.classForTest2" name="testMethod2" time="0.001"/>
</testsuite> <!-- Test -->
