<?xml version="1.0" encoding="UTF-8"?>
<testng-results ignored="0" total="8" passed="8" failed="0" skipped="0">
  <reporter-output>
  </reporter-output>
  <suite started-at="2025-07-10T00:57:42 IST" name="Suite" finished-at="2025-07-10T00:57:42 IST" duration-ms="173">
    <groups>
    </groups>
    <test started-at="2025-07-10T00:57:42 IST" name="Test" finished-at="2025-07-10T00:57:42 IST" duration-ms="65">
      <class name="multiClassSuites.classForTest1">
        <test-method is-config="true" signature="beforeTestMethod()[pri:0, instance:multiClassSuites.classForTest1@3857f613]" started-at="2025-07-10T00:57:42 IST" name="beforeTestMethod" finished-at="2025-07-10T00:57:42 IST" duration-ms="10" status="PASS">
          <reporter-output>
          </reporter-output>
        </test-method> <!-- beforeTestMethod -->
        <test-method signature="testMehod2()[pri:0, instance:multiClassSuites.classForTest1@3857f613]" started-at="2025-07-10T00:57:42 IST" name="testMehod2" finished-at="2025-07-10T00:57:42 IST" duration-ms="6" status="PASS">
          <reporter-output>
          </reporter-output>
        </test-method> <!-- testMehod2 -->
        <test-method signature="testMethod1()[pri:0, instance:multiClassSuites.classForTest1@3857f613]" started-at="2025-07-10T00:57:42 IST" name="testMethod1" finished-at="2025-07-10T00:57:42 IST" duration-ms="1" status="PASS">
          <reporter-output>
          </reporter-output>
        </test-method> <!-- testMethod1 -->
      </class> <!-- multiClassSuites.classForTest1 -->
      <class name="multiClassSuites.classForTest2">
        <test-method signature="testMethod1()[pri:0, instance:multiClassSuites.classForTest2@4d1c00d0]" started-at="2025-07-10T00:57:42 IST" name="testMethod1" finished-at="2025-07-10T00:57:42 IST" duration-ms="1" status="PASS">
          <reporter-output>
          </reporter-output>
        </test-method> <!-- testMethod1 -->
        <test-method signature="testMethod2()[pri:0, instance:multiClassSuites.classForTest2@4d1c00d0]" started-at="2025-07-10T00:57:42 IST" name="testMethod2" finished-at="2025-07-10T00:57:42 IST" duration-ms="1" status="PASS">
          <reporter-output>
          </reporter-output>
        </test-method> <!-- testMethod2 -->
        <test-method is-config="true" signature="afterTestMethod()[pri:0, instance:multiClassSuites.classForTest2@4d1c00d0]" started-at="2025-07-10T00:57:42 IST" name="afterTestMethod" finished-at="2025-07-10T00:57:42 IST" duration-ms="1" status="PASS">
          <reporter-output>
          </reporter-output>
        </test-method> <!-- afterTestMethod -->
      </class> <!-- multiClassSuites.classForTest2 -->
    </test> <!-- Test -->
    <test started-at="2025-07-10T00:57:42 IST" name="Test2" finished-at="2025-07-10T00:57:42 IST" duration-ms="19">
      <class name="multiClassSuites.classForTest1">
        <test-method is-config="true" signature="beforeTestMethod()[pri:0, instance:multiClassSuites.classForTest1@4e50c791]" started-at="2025-07-10T00:57:42 IST" name="beforeTestMethod" finished-at="2025-07-10T00:57:42 IST" duration-ms="1" status="PASS">
          <reporter-output>
          </reporter-output>
        </test-method> <!-- beforeTestMethod -->
        <test-method signature="testMehod2()[pri:0, instance:multiClassSuites.classForTest1@4e50c791]" started-at="2025-07-10T00:57:42 IST" name="testMehod2" finished-at="2025-07-10T00:57:42 IST" duration-ms="2" status="PASS">
          <reporter-output>
          </reporter-output>
        </test-method> <!-- testMehod2 -->
        <test-method signature="testMethod1()[pri:0, instance:multiClassSuites.classForTest1@4e50c791]" started-at="2025-07-10T00:57:42 IST" name="testMethod1" finished-at="2025-07-10T00:57:42 IST" duration-ms="1" status="PASS">
          <reporter-output>
          </reporter-output>
        </test-method> <!-- testMethod1 -->
      </class> <!-- multiClassSuites.classForTest1 -->
      <class name="multiClassSuites.classForTest2">
        <test-method signature="testMethod1()[pri:0, instance:multiClassSuites.classForTest2@7530ad9c]" started-at="2025-07-10T00:57:42 IST" name="testMethod1" finished-at="2025-07-10T00:57:42 IST" duration-ms="2" status="PASS">
          <reporter-output>
          </reporter-output>
        </test-method> <!-- testMethod1 -->
        <test-method signature="testMethod2()[pri:0, instance:multiClassSuites.classForTest2@7530ad9c]" started-at="2025-07-10T00:57:42 IST" name="testMethod2" finished-at="2025-07-10T00:57:42 IST" duration-ms="2" status="PASS">
          <reporter-output>
          </reporter-output>
        </test-method> <!-- testMethod2 -->
        <test-method is-config="true" signature="afterTestMethod()[pri:0, instance:multiClassSuites.classForTest2@7530ad9c]" started-at="2025-07-10T00:57:42 IST" name="afterTestMethod" finished-at="2025-07-10T00:57:42 IST" duration-ms="0" status="PASS">
          <reporter-output>
          </reporter-output>
        </test-method> <!-- afterTestMethod -->
      </class> <!-- multiClassSuites.classForTest2 -->
    </test> <!-- Test2 -->
  </suite> <!-- Suite -->
</testng-results>
