<?xml version="1.0" encoding="UTF-8"?>
<!-- Generated by org.testng.reporters.JUnitReportReporter -->
<testsuite hostname="MAVCHN1121738" failures="0" tests="2" name="priorityAnnotations.annotationsDemo" time="0.047" errors="0" timestamp="2025-07-09T00:11:56 IST" skipped="0">
  <testcase classname="priorityAnnotations.annotationsDemo" name="advSearch" time="0.024"/>
  <testcase classname="priorityAnnotations.annotationsDemo" name="search" time="0.023"/>
</testsuite> <!-- priorityAnnotations.annotationsDemo -->
