<?xml version="1.0" encoding="UTF-8"?>
<!-- Generated by org.testng.reporters.JUnitReportReporter -->
<testsuite hostname="MAVCHN1121738" failures="0" tests="4" name="multiClassSuites.classForTest2" time="0.006" errors="0" timestamp="2025-07-10T00:57:42 IST" skipped="0">
  <testcase classname="multiClassSuites.classForTest2" name="testMethod1" time="0.002"/>
  <testcase classname="multiClassSuites.classForTest2" name="testMethod1" time="0.001"/>
  <testcase classname="multiClassSuites.classForTest2" name="testMethod2" time="0.002"/>
  <testcase classname="multiClassSuites.classForTest2" name="testMethod2" time="0.001"/>
</testsuite> <!-- multiClassSuites.classForTest2 -->
