<?xml version="1.0" encoding="UTF-8"?>
<!-- Generated by org.testng.reporters.JUnitReportReporter -->
<testsuite hostname="MAVCHN1121738" failures="0" tests="6" name="ParallelTesting.testMethods" time="0.264" errors="0" timestamp="2025-07-19T14:21:41 IST" skipped="0">
  <testcase classname="ParallelTesting.testMethods" name="login" time="0.042"/>
  <testcase classname="ParallelTesting.testMethods" name="login" time="0.043"/>
  <testcase classname="ParallelTesting.testMethods" name="execution" time="0.068"/>
  <testcase classname="ParallelTesting.testMethods" name="execution" time="0.044"/>
  <testcase classname="ParallelTesting.testMethods" name="execution" time="0.044"/>
  <testcase classname="ParallelTesting.testMethods" name="login" time="0.023"/>
</testsuite> <!-- ParallelTesting.testMethods -->
